[debug] [2023-04-20T07:09:06.666Z] ----------------------------------------------------------------------
[debug] [2023-04-20T07:09:06.671Z] Command:       C:\Program Files\nodejs\node.exe C:\Program Files\nodejs\node_modules\firebase-tools\lib\bin\firebase.js init
[debug] [2023-04-20T07:09:06.671Z] CLI Version:   11.28.0
[debug] [2023-04-20T07:09:06.671Z] Platform:      win32
[debug] [2023-04-20T07:09:06.672Z] Node Version:  v14.20.0
[debug] [2023-04-20T07:09:06.680Z] Time:          Thu Apr 20 2023 10:09:06 GMT+0300 (Eastern European Summer Time)
[debug] [2023-04-20T07:09:06.680Z] ----------------------------------------------------------------------
[debug] 
[debug] [2023-04-20T07:09:06.703Z] >>> [apiv2][query] GET https://firebase-public.firebaseio.com/cli.json [none]
[debug] [2023-04-20T07:09:06.742Z] > command requires scopes: ["email","openid","https://www.googleapis.com/auth/cloudplatformprojects.readonly","https://www.googleapis.com/auth/firebase","https://www.googleapis.com/auth/cloud-platform"]
[debug] [2023-04-20T07:09:06.743Z] > authorizing via signed-in user (kseniyals1609@gmail.com)
[info] 
     ######## #### ########  ######## ########     ###     ######  ########
     ##        ##  ##     ## ##       ##     ##  ##   ##  ##       ##
     ######    ##  ########  ######   ########  #########  ######  ######
     ##        ##  ##    ##  ##       ##     ## ##     ##       ## ##
     ##       #### ##     ## ######## ########  ##     ##  ######  ########

You're about to initialize a Firebase project in this directory:

  C:\Users\admin\my-projects\crm

[debug] [2023-04-20T07:09:07.238Z] <<< [apiv2][status] GET https://firebase-public.firebaseio.com/cli.json 200
[debug] [2023-04-20T07:09:07.240Z] <<< [apiv2][body] GET https://firebase-public.firebaseio.com/cli.json {"cloudBuildErrorAfter":1594252800000,"cloudBuildWarnAfter":1590019200000,"defaultNode10After":1594252800000,"minVersion":"3.0.5","node8DeploysDisabledAfter":1613390400000,"node8RuntimeDisabledAfter":1615809600000,"node8WarnAfter":1600128000000}
[info] 
=== Project Setup
[info] 
[info] First, let's associate this project directory with a Firebase project.
[info] You can create multiple project aliases by running firebase use --add, 
[info] but for now we'll just set up a default project.
[info] 
[debug] [2023-04-20T07:11:06.730Z] > refreshing access token with scopes: []
[debug] [2023-04-20T07:11:06.736Z] >>> [apiv2][query] POST https://www.googleapis.com/oauth2/v3/token [none]
[debug] [2023-04-20T07:11:06.736Z] >>> [apiv2][body] POST https://www.googleapis.com/oauth2/v3/token [omitted]
[debug] [2023-04-20T07:11:07.276Z] <<< [apiv2][status] POST https://www.googleapis.com/oauth2/v3/token 200
[debug] [2023-04-20T07:11:07.277Z] <<< [apiv2][body] POST https://www.googleapis.com/oauth2/v3/token [omitted]
[debug] [2023-04-20T07:11:07.322Z] >>> [apiv2][query] GET https://firebase.googleapis.com/v1beta1/projects pageSize=100
[debug] [2023-04-20T07:11:08.175Z] <<< [apiv2][status] GET https://firebase.googleapis.com/v1beta1/projects 200
[debug] [2023-04-20T07:11:08.176Z] <<< [apiv2][body] GET https://firebase.googleapis.com/v1beta1/projects [omitted]
[info] i  Using project crm-for-shipping (crm for shipping) 
[info] 
=== Database Setup
[info] i  database: ensuring required API firebasedatabase.googleapis.com is enabled... 
[debug] [2023-04-20T07:11:10.819Z] >>> [apiv2][query] GET https://serviceusage.googleapis.com/v1/projects/crm-for-shipping/services/firebasedatabase.googleapis.com [none]
[debug] [2023-04-20T07:11:10.819Z] >>> [apiv2][(partial)header] GET https://serviceusage.googleapis.com/v1/projects/crm-for-shipping/services/firebasedatabase.googleapis.com x-goog-quota-user=projects/crm-for-shipping
[debug] [2023-04-20T07:11:12.103Z] <<< [apiv2][status] GET https://serviceusage.googleapis.com/v1/projects/crm-for-shipping/services/firebasedatabase.googleapis.com 200
[debug] [2023-04-20T07:11:12.103Z] <<< [apiv2][body] GET https://serviceusage.googleapis.com/v1/projects/crm-for-shipping/services/firebasedatabase.googleapis.com [omitted]
[info] +  database: required API firebasedatabase.googleapis.com is enabled 
[info] 
[debug] [2023-04-20T07:11:12.108Z] >>> [apiv2][query] GET https://firebasedatabase.googleapis.com/v1beta/projects/crm-for-shipping/locations/-/instances/crm-for-shipping-default-rtdb [none]
[debug] [2023-04-20T07:11:12.655Z] <<< [apiv2][status] GET https://firebasedatabase.googleapis.com/v1beta/projects/crm-for-shipping/locations/-/instances/crm-for-shipping-default-rtdb 200
[debug] [2023-04-20T07:11:12.655Z] <<< [apiv2][body] GET https://firebasedatabase.googleapis.com/v1beta/projects/crm-for-shipping/locations/-/instances/crm-for-shipping-default-rtdb {"name":"projects/71496632176/locations/europe-west1/instances/crm-for-shipping-default-rtdb","project":"projects/71496632176","databaseUrl":"https://crm-for-shipping-default-rtdb.europe-west1.firebasedatabase.app","type":"DEFAULT_DATABASE","state":"ACTIVE"}
[info] 
[info] Firebase Realtime Database Security Rules allow you to define how your data should be
[info] structured and when your data can be read from and written to.
[info] 
[debug] [2023-04-20T07:11:16.482Z] >>> [apiv2][query] GET https://crm-for-shipping-default-rtdb.europe-west1.firebasedatabase.app/.settings/rules.json [none]
[debug] [2023-04-20T07:11:16.692Z] <<< [apiv2][status] GET https://crm-for-shipping-default-rtdb.europe-west1.firebasedatabase.app/.settings/rules.json 200
[debug] [2023-04-20T07:11:16.692Z] <<< [apiv2][body] GET https://crm-for-shipping-default-rtdb.europe-west1.firebasedatabase.app/.settings/rules.json [stream]
[info] +  Database Rules for crm-for-shipping-default-rtdb have been written to database.rules.json. 
[info] Future modifications to database.rules.json will update Realtime Database Security Rules when you run
[info] firebase deploy.
[info] 
=== Hosting Setup
[info] 
[info] Your public directory is the folder (relative to your project directory) that
[info] will contain Hosting assets to be uploaded with firebase deploy. If you
[info] have a build process for your assets, use your build's output directory.
[info] 
[info] +  Wrote public/404.html 
[debug] [2023-04-20T07:12:28.525Z] >>> [apiv2][query] GET https://www.gstatic.com/firebasejs/releases.json [none]
[debug] [2023-04-20T07:12:28.634Z] <<< [apiv2][status] GET https://www.gstatic.com/firebasejs/releases.json 200
[debug] [2023-04-20T07:12:28.635Z] <<< [apiv2][body] GET https://www.gstatic.com/firebasejs/releases.json {"current":{"version":"9.20.0","browserURL":"https://www.gstatic.com/firebasejs/9.20.0/firebase.js","packageURL":"https://www.gstatic.com/firebasejs/9.20.0/firebase.tgz"},"live":{"version":"9.20","browserURL":"https://www.gstatic.com/firebasejs/live/9.20/firebase.js","packageURL":"https://www.gstatic.com/firebasejs/live/9.20/firebase.tgz"},"components":{"analytics":"https://www.gstatic.com/firebasejs/9.20.0/firebase-analytics.js","app":"https://www.gstatic.com/firebasejs/9.20.0/firebase-app.js","app-check":"https://www.gstatic.com/firebasejs/9.20.0/firebase-app-check.js","auth":"https://www.gstatic.com/firebasejs/9.20.0/firebase-auth.js","auth/cordova":"https://www.gstatic.com/firebasejs/9.20.0/firebase-auth/cordova.js","auth/react-native":"https://www.gstatic.com/firebasejs/9.20.0/firebase-auth/react-native.js","functions":"https://www.gstatic.com/firebasejs/9.20.0/firebase-functions.js","firestore":"https://www.gstatic.com/firebasejs/9.20.0/firebase-firestore.js","firestore/lite":"https://www.gstatic.com/firebasejs/9.20.0/firebase-firestore/lite.js","installations":"https://www.gstatic.com/firebasejs/9.20.0/firebase-installations.js","storage":"https://www.gstatic.com/firebasejs/9.20.0/firebase-storage.js","performance":"https://www.gstatic.com/firebasejs/9.20.0/firebase-performance.js","remote-config":"https://www.gstatic.com/firebasejs/9.20.0/firebase-remote-config.js","messaging":"https://www.gstatic.com/firebasejs/9.20.0/firebase-messaging.js","messaging/sw":"https://www.gstatic.com/firebasejs/9.20.0/firebase-messaging/sw.js","database":"https://www.gstatic.com/firebasejs/9.20.0/firebase-database.js","firestore.memory":"https://www.gstatic.com/firebasejs/9.20.0/firebase-firestore.memory.js"}}
[info] i  Skipping write of public/index.html 
[info] 
[info] i  Detected a .git folder at C:\Users\admin\my-projects\crm 
[info] i  Authorizing with GitHub to upload your service account to a GitHub repository's secrets store. 
[info] 
[info] Visit this URL on this device to log in:
[info] https://github.com/login/oauth/authorize?client_id=89cf50f02ac6aaed3484&state=335032885&redirect_uri=http%3A%2F%2Flocalhost%3A9005&scope=read%3Auser%20repo%20public_repo
[info] 
[info] Waiting for authentication...
[debug] [2023-04-20T07:12:45.963Z] >>> [apiv2][query] POST https://github.com/login/oauth/access_token [none]
[debug] [2023-04-20T07:12:45.964Z] >>> [apiv2][body] POST https://github.com/login/oauth/access_token [stream]
[debug] [2023-04-20T07:12:46.310Z] <<< [apiv2][status] POST https://github.com/login/oauth/access_token 200
[debug] [2023-04-20T07:12:46.310Z] <<< [apiv2][body] POST https://github.com/login/oauth/access_token {"access_token":"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","token_type":"bearer","scope":"read:user,repo"}
[debug] [2023-04-20T07:12:46.372Z] >>> [apiv2][query] GET https://api.github.com/user [none]
[debug] [2023-04-20T07:12:46.692Z] <<< [apiv2][status] GET https://api.github.com/user 200
[debug] [2023-04-20T07:12:46.692Z] <<< [apiv2][body] GET https://api.github.com/user {"login":"oksana-kyryienko","id":107584985,"node_id":"U_kgDOBmmd2Q","avatar_url":"https://avatars.githubusercontent.com/u/107584985?v=4","gravatar_id":"","url":"https://api.github.com/users/oksana-kyryienko","html_url":"https://github.com/oksana-kyryienko","followers_url":"https://api.github.com/users/oksana-kyryienko/followers","following_url":"https://api.github.com/users/oksana-kyryienko/following{/other_user}","gists_url":"https://api.github.com/users/oksana-kyryienko/gists{/gist_id}","starred_url":"https://api.github.com/users/oksana-kyryienko/starred{/owner}{/repo}","subscriptions_url":"https://api.github.com/users/oksana-kyryienko/subscriptions","organizations_url":"https://api.github.com/users/oksana-kyryienko/orgs","repos_url":"https://api.github.com/users/oksana-kyryienko/repos","events_url":"https://api.github.com/users/oksana-kyryienko/events{/privacy}","received_events_url":"https://api.github.com/users/oksana-kyryienko/received_events","type":"User","site_admin":false,"name":"Oksana Kyryienko","company":null,"blog":"","location":null,"email":null,"hireable":null,"bio":null,"twitter_username":null,"public_repos":77,"public_gists":0,"followers":1,"following":0,"created_at":"2022-06-15T20:47:02Z","updated_at":"2023-02-05T22:27:07Z","private_gists":0,"total_private_repos":0,"owned_private_repos":0,"disk_usage":5237,"collaborators":0,"two_factor_authentication":false,"plan":{"name":"free","space":976562499,"collaborators":0,"private_repos":10000}}
[info] 
[info] +  Success! Logged into GitHub as oksana-kyryienko 
[info] 
